Estado actual: BuscandoJugadores
Estado actual: LobbyArmado
Estado actual: Confirmado
Estado actual: EnJuego
Estado actual: Finalizado
Estado actual: BuscandoJugadores
Estado actual: LobbyArmado
Estado actual: Confirmado
Estado actual: EnJuego
Estado actual: Finalizado
Estado actual: BuscandoJugadores
Estado actual: LobbyArmado
Estado actual: LobbyArmado
Estado actual: LobbyArmado
Estado actual: Confirmado
Estado actual: Confirmado
Estado actual: BuscandoJugadores
Estado actual: LobbyArmado
Estado actual: Confirmado
Estado actual: EnJuego
Estado actual: Finalizado
Estado actual: BuscandoJugadores
Estado actual: Cancelado
Estado actual: BuscandoJugadores
Estado actual: LobbyArmado
Estado actual: Confirmado
Estado actual: Confirmado
Estado actual: EnJuego
Estado actual: Finalizado
Estado actual: BuscandoJugadores
Estado actual: BuscandoJugadores
Estado actual: LobbyArmado
Estado actual: LobbyArmado
Estado actual: LobbyArmado
Estado actual: BuscandoJugadores
Estado actual: BuscandoJugadores
Estado actual: Confirmado
Estado actual: EnJuego
Estado actual: Finalizado
Estado actual: BuscandoJugadores
Estado actual: LobbyArmado
Estado actual: LobbyArmado
Estado actual: Confirmado
Estado actual: EnJuego
Estado actual: Finalizado
Estado actual: BuscandoJugadores
Estado actual: BuscandoJugadores
Estado actual: BuscandoJugadores
Estado actual: LobbyArmado
Estado actual: Confirmado
Estado actual: EnJuego
Estado actual: Finalizado
Estado actual: BuscandoJugadores
Estado actual: BuscandoJugadores
Estado actual: LobbyArmado
Estado actual: BuscandoJugadores
Estado actual: LobbyArmado
Estado actual: Confirmado
Estado actual: EnJuego
Estado actual: Finalizado
Estado actual: BuscandoJugadores
Estado actual: LobbyArmado
Estado actual: Confirmado
Estado actual: Confirmado
Estado actual: Confirmado
Estado actual: LobbyArmado
Estado actual: Confirmado
Estado actual: EnJuego
Estado actual: Finalizado
Estado actual: BuscandoJugadores
Estado actual: BuscandoJugadores
Estado actual: LobbyArmado
Estado actual: LobbyArmado
Estado actual: Confirmado
Estado actual: EnJuego
Estado actual: Finalizado
