Equipo1: anap
Equipo2: bengar
Suplentes: carol
Equipo1: anap
Equipo2: bengar
Suplentes: carol
Equipo1: maum
Equipo2: -
Suplentes: -
Equipo1: maum
Equipo2: maum
Suplentes: -
Equipo1: maum
Equipo2: maum
Suplentes: -
Equipo1: mmario
Equipo2: -
Suplentes: -
Equipo1: mmario
Equipo2: ntombolan
Suplentes: -
Equipo1: mmario
Equipo2: ntombolan
Suplentes: -
Equipo1: -
Equipo2: -
Suplentes: -
Equipo1: nictom@gmaail.com
Equipo2: -
Suplentes: -
Equipo1: nictom@gmaail.com
Equipo2: marimio
Suplentes: -
Equipo1: nictom@gmaail.com
Equipo2: marimio
Suplentes: -
Equipo1: mariol
Equipo2: -
Suplentes: -
Equipo1: mariol
Equipo2: nictomb
Suplentes: -
Equipo1: nicotom
Equipo2: -
Suplentes: -
Equipo1: nicotom
Equipo2: maurimio
Suplentes: -
